/Users/halfhalo/src/webos-patches/views/login.js.html
/Users/halfhalo/src/webos-patches/views/login.js.html
/Users/halfhalo/src/webos-patches/views/login.js.html
/Users/halfhalo/src/webos-patches/views/login.js.html
/Users/halfhalo/src/webos-patches/views/login.js.html
/Users/halfhalo/src/webos-patches/views/login.js.html
views/login.js.html
/Users/halfhalo/src/webos-patches/views/login.js.html
/Users/halfhalo/src/webos-patches/views/login.js.html
/Users/halfhalo/src/webos-patches/views/login.js.html
/Users/halfhalo/src/webos-patches/views/login.js.html
{}
/Users/halfhalo/src/webos-patches/views/login.js.html
/Users/halfhalo/src/webos-patches/views/login.js.html
[Function]
/Users/halfhalo/src/webos-patches/views/login.js.html
/Users/halfhalo/src/webos-patches/views/login.js.html
[Function]
/Users/halfhalo/src/webos-patches/views/layout.js.html
/Users/halfhalo/src/webos-patches/views/layout.js.html
[Function]
/Users/halfhalo/src/webos-patches/views/login.js.html
/Users/halfhalo/src/webos-patches/views/login.js.html
[Function]
/Users/halfhalo/src/webos-patches/views/layout.js.html
/Users/halfhalo/src/webos-patches/views/layout.js.html
[Function]
/Users/halfhalo/src/webos-patches/views/login.js.html
/Users/halfhalo/src/webos-patches/views/login.js.html
[Function]
/Users/halfhalo/src/webos-patches/views/layout.js.html
/Users/halfhalo/src/webos-patches/views/layout.js.html
[Function]
/Users/halfhalo/src/webos-patches/views/login.js.html
/Users/halfhalo/src/webos-patches/views/login.js.html
[Function]
/Users/halfhalo/src/webos-patches/views/layout.js.html
/Users/halfhalo/src/webos-patches/views/layout.js.html
[Function]
/Users/halfhalo/src/webos-patches/views/login.js.html
/Users/halfhalo/src/webos-patches/views/login.js.html
[Function]
/Users/halfhalo/src/webos-patches/views/layout.js.html
/Users/halfhalo/src/webos-patches/views/layout.js.html
[Function]
/Users/halfhalo/src/webos-patches/views/login.js.html
/Users/halfhalo/src/webos-patches/views/login.js.html
[Function]
[Function]
/Users/halfhalo/src/webos-patches/views/login.js.html
/Users/halfhalo/src/webos-patches/views/login.js.html
[Function]
/Users/halfhalo/src/webos-patches/views/single.js.html
/Users/halfhalo/src/webos-patches/views/single.js.html
[Function]
/Users/halfhalo/src/webos-patches/views/login.js.html
/Users/halfhalo/src/webos-patches/views/login.js.html
[Function]
/Users/halfhalo/src/webos-patches/views/layout.js.html
/Users/halfhalo/src/webos-patches/views/layout.js.html
[Function]
/Users/halfhalo/src/webos-patches/views/login.js.html
/Users/halfhalo/src/webos-patches/views/login.js.html
[Function]
/Users/halfhalo/src/webos-patches/views/layout.js.html
/Users/halfhalo/src/webos-patches/views/layout.js.html
[Function]
/Users/halfhalo/src/webos-patches/views/login.js.html
/Users/halfhalo/src/webos-patches/views/login.js.html
[Function]
/Users/halfhalo/src/webos-patches/views/layout.js.html
/Users/halfhalo/src/webos-patches/views/layout.js.html
[Function]
/Users/halfhalo/src/webos-patches/views/login.js.html
/Users/halfhalo/src/webos-patches/views/login.js.html
<Buffer 48 65 6c 6c 6f>
[Function]
/Users/halfhalo/src/webos-patches/views/layout.js.html
/Users/halfhalo/src/webos-patches/views/layout.js.html
<Buffer 0a 3c 21 44 4f 43 54 59 50 45 20 68 74 6d 6c 20 50 55 42 4c 49 43 20 22 2d 2f 2f 57 33 43 2f 2f 44 54 44 20 58 48 54 4d 4c 20 31 2e 30 20 53 74 72 69 63 74 2f 2f 45 4e 22 20 22 68 74 74 70 3a 2f 2f 77 77 77 2e 77 33 2e 6f 72 67 2f 54 52 2f 78 68 74 6d 6c 31 2f 44 54 44 2f 78 68 74 6d 6c 31 2d 73 74 72 69 63 74 2e 64 74 64 22 3e 20 0a 3c 68 74 6d 6c 20 78 6d 6c 6e 73 3d 22 68 74 74 70 3a 2f 2f 77 77 77 2e 77 33 2e 6f 72 67 2f 31 39 39 39 2f 78 68 74 6d 6c 22 20 6c 61 6e 67 3d 22 65 6e 22 3e 20 0a 3c 68 65 61 64 3e 20 0a 20 20 3c 6d 65 74 61 20 68 74 74 70 2d 65 71 75 69 76 3d 22 43 6f 6e 74 65 6e 74 2d 54 79 70 65 22 20 63 6f 6e 74 65 6e 74 3d 22 74 65 78 74 2f 68 74 6d 6c 3b 20 63 68 61 72 73 65 74 3d 75 74 66 2d 38 22 20 2f 3e 20 0a 20 20 3c 74 69 74 6c 65 3e 3c 25 20 69 66 20 28 6c 6f 63 61 6c 2e 68 65 61 64 65 72 20 26 26 20 6c 6f 63 61 6c 2e 68 65 61 64 65 72 2e 74 69 74 6c 65 29 20 7b 20 25 3e 3c 25 3d 20 6c 6f 63 61 6c 2e 68 65 61 64 65 72 2e 74 69 74 6c 65 20 25 3e 3c 25 20 7d 20 65 6c 73 65 20 7b 20 25 3e 50 61 74 63 68 65 73 20 50 6f 72 74 61 6c 3c 25 20 7d 20 25 3e 3c 2f 74 69 74 6c 65 3e 20 0a 20 20 3c 6c 69 6e 6b 20 72 65 6c 3d 22 73 74 79 6c 65 73 68 65 65 74 22 20 68 72 65 66 3d 22 68 74 74 70 3a 2f 2f 70 69 6c 75 2e 67 69 74 68 75 62 2e 63 6f 6d 2f 77 65 62 2d 61 70 70 2d 74 68 65 6d 65 2f 73 74 79 6c 65 73 68 65 65 74 73 2f 62 61 73 65 2e 63 73 73 22 20 74 79 70 65 3d 22 74 65 78 74 2f 63 73 73 22 20 6d 65 64 69 61 3d 22 73 63 72 65 65 6e 22 20 2f 3e 20 0a 20 20 3c 6c 69 6e 6b 20 72 65 6c 3d 22 73 74 79 6c 65 73 68 65 65 74 22 20 69 64 3d 22 63 75 72 72 65 6e 74 2d 74 68 65 6d 65 22 20 68 72 65 66 3d 22 68 74 74 70 3a 2f 2f 70 69 6c 75 2e 67 69 74 68 75 62 2e 63 6f 6d 2f 77 65 62 2d 61 70 70 2d 74 68 65 6d 65 2f 73 74 79 6c 65 73 68 65 65 74 73 2f 74 68 65 6d 65 73 2f 64 65 66 61 75 6c 74 2f 73 74 79 6c 65 2e 63 73 73 22 20 74 79 70 65 3d 22 74 65 78 74 2f 63 73 73 22 20 6d 65 64 69 61 3d 22 73 63 72 65 65 6e 22 20 2f 3e 20 0a 20 20 3c 73 63 72 69 70 74 20 74 79 70 65 3d 22 74 65 78 74 2f 6a 61 76 61 73 63 72 69 70 74 22 20 63 68 61 72 73 65 74 3d 22 75 74 66 2d 38 22 20 73 72 63 3d 22 68 74 74 70 73 3a 2f 2f 61 6a 61 78 2e 67 6f 6f 67 6c 65 61 70 69 73 2e 63 6f 6d 2f 61 6a 61 78 2f 6c 69 62 73 2f 6a 71 75 65 72 79 2f 31 2e 35 2e 30 2f 6a 71 75 65 72 79 2e 6d 69 6e 2e 6a 73 22 3e 3c 2f 73 63 72 69 70 74 3e 0a 20 20 3c 73 63 72 69 70 74 3e 0a 09 24 28 64 6f 63 75 6d 65 6e 74 29 2e 72 65 61 64 79 28 66 75 6e 63 74 69 6f 6e 28 29 20 7b 0a 20 20 20 2f 2f 20 64 6f 20 73 74 75 66 66 20 77 68 65 6e 20 44 4f 4d 20 69 73 20 72 65 61 64 79 0a 09 24 28 22 2e 73 65 61 72 63 68 52 65 6d 6f 76 65 22 29 2e 63 6c 69 63 6b 28 66 75 6e 63 74 69 6f 6e 28 29 7b 0a 09 09 24 28 74 68 69 73 29 2e 70 61 72 65 6e 74 28 29 2e 70 61 72 65 6e 74 28 29 2e 70 61 72 65 6e 74 28 29 2e 73 6c 69 64 65 55 70 28 66 75 6e 63 74 69 6f 6e 28 29 7b 0a 09 09 09 24 28 74 68 69 73 29 2e 72 65 6d 6f 76 65 28 29 0a 09 09 7d 29 0a 09 7d 29 0a 09 24 28 22 2e 73 65 61 72 63 68 41 64 64 22 29 2e 63 6c 69 63 6b 28 66 75 6e 63 74 69 6f 6e 28 29 7b 0a 09 09 69 66 28 24 28 22 2e 73 6e 22 29 2e 67 65 74 28 29 2e 6c 65 6e 67 74 68 3d 3d 30 29 0a 09 09 7b 0a 09 09 76 61 72 20 73 74 72 3d 22 3c 64 69 76 20 73 74 79 6c 65 3d 27 64 69 73 70 6c 61 79 3a 6e 6f 6e 65 27 20 63 6c 61 73 73 3d 27 73 6e 27 3e 3c 70 3e 3c 62 3e 41 64 64 3a 20 3c 2f 62 3e 3c 73 65 6c 65 63 74 20 20 63 6c 61 73 73 3d 27 73 65 61 72 63 68 4e 65 77 27 3e 3c 6f 70 74 69 6f 6e 20 76 61 6c 75 65 3d 27 6e 6f 6e 65 27 3e 53 65 6c 65 63 74 20 50 61 72 61 6d 65 74 65 72 3c 2f 6f 70 74 69 6f 6e 3e 22 3b 0a 09 09 76 61 72 20 61 72 72 3d 5b 7b 22 6e 61 6d 65 22 3a 22 63 61 74 65 67 6f 72 79 22 2c 22 74 69 74 6c 65 22 3a 22 43 61 74 65 67 6f 72 79 22 7d 5d 3b 0a 09 09 66 6f 72 28 76 61 72 20 69 3d 30 3b 69 3c 61 72 72 2e 6c 65 6e 67 74 68 3b 69 2b 2b 29 0a 09 09 7b 0a 09 09 09 73 74 72 2b 3d 22 3c 6f 70 74 69 6f 6e 20 76 61 6c 75 65 3d 27 22 2b 61 72 72 5b 69 5d 5b 27 6e 61 6d 65 27 5d 2b 22 27 3e 22 2b 61 72 72 5b 69 5d 5b 27 74 69 74 6c 65 27 5d 2b 22 3c 2f 6f 70 74 69 6f 6e 3e 22 3b 0a 09 09 7d 0a 09 09 73 74 72 2b 3d 22 3c 2f 70 3e 3c 2f 64 69 76 3e 22 3b 0a 09 09 24 28 22 23 73 65 61 72 63 68 48 6f 6c 64 65 72 22 29 2e 61 70 70 65 6e 64 28 73 74 72 29 3b 0a 09 09 0a 09 09 24 28 22 2e 73 6e 22 29 2e 73 6c 69 64 65 44 6f 77 6e 28 66 75 6e 63 74 69 6f 6e 28 29 7b 0a 09 09 09 24 28 22 2e 73 65 61 72 63 68 4e 65 77 22 29 2e 63 68 61 6e 67 65 28 66 75 6e 63 74 69 6f 6e 28 29 7b 0a 09 09 09 09 69 66 28 24 28 74 68 69 73 29 2e 76 61 6c 28 29 21 3d 22 6e 6f 6e 65 22 29 0a 09 09 09 09 7b 0a 09 09 09 09 09 24 28 22 2e 73 6e 22 29 2e 73 6c 69 64 65 55 70 28 66 75 6e 63 74 69 6f 6e 28 29 7b 0a 09 09 09 09 09 09 24 28 22 2e 73 6e 22 29 2e 72 65 6d 6f 76 65 28 29 3b 0a 09 09 09 09 09 7d 29 0a 09 09 09 09 7d 0a 09 09 09 7d 29 0a 09 09 7d 29 0a 09 7d 0a 09 0a 09 7d 29 0a 09 24 28 22 2e 64 79 6e 61 6d 69 63 4c 69 73 74 2d 72 65 70 6c 61 63 65 22 29 2e 63 6c 69 63 6b 28 66 75 6e 63 74 69 6f 6e 28 29 7b 0a 09 09 24 28 74 68 69 73 29 2e 66 69 6e 64 28 22 2e 64 79 6e 61 6d 69 63 4c 69 73 74 2d 73 69 6d 70 6c 65 22 29 2e 73 6c 69 64 65 54 6f 67 67 6c 65 28 66 75 6e 63 74 69 6f 6e 28 29 7b 0a 09 09 7d 29 0a 09 09 24 28 74 68 69 73 29 2e 66 69 6e 64 28 22 2e 64 79 6e 61 6d 69 63 4c 69 73 74 2d 63 6f 6d 70 6c 65 78 22 29 2e 73 6c 69 64 65 54 6f 67 67 6c 65 28 66 75 6e 63 74 69 6f 6e 28 29 7b 0a 09 09 7d 29 0a 09 7d 29 3b 0a 09 24 28 22 2e 64 79 6e 61 6d 69 63 4c 69 73 74 2d 61 70 70 65 6e 64 22 29 2e 63 6c 69 63 6b 28 66 75 6e 63 74 69 6f 6e 28 29 7b 0a 0a 09 09 24 28 74 68 69 73 29 2e 66 69 6e 64 28 22 2e 64 79 6e 61 6d 69 63 4c 69 73 74 2d 63 6f 6d 70 6c 65 78 22 29 2e 73 6c 69 64 65 54 6f 67 67 6c 65 28 66 75 6e 63 74 69 6f 6e 28 29 7b 0a 09 09 7d 29 0a 09 7d 29 3b 0a 20 09 7d 29 3b 0a 09 0a 20 20 3c 2f 73 63 72 69 70 74 3e 0a 0a 3c 2f 68 65 61 64 3e 20 0a 3c 62 6f 64 79 3e 20 0a 20 20 3c 64 69 76 20 69 64 3d 22 63 6f 6e 74 61 69 6e 65 72 22 3e 20 0a 20 20 20 20 3c 64 69 76 20 69 64 3d 22 68 65 61 64 65 72 22 3e 20 0a 20 20 20 20 20 20 3c 68 31 3e 3c 61 20 68 72 65 66 3d 22 2f 22 3e 3c 25 20 69 66 20 28 6c 6f 63 61 6c 2e 68 65 61 64 65 72 20 26 26 20 6c 6f 63 61 6c 2e 68 65 61 64 65 72 2e 74 69 74 6c 65 29 20 7b 20 25 3e 3c 25 3d 20 6c 6f 63 61 6c 2e 68 65 61 64 65 72 2e 74 69 74 6c 65 20 25 3e 3c 25 20 7d 20 65 6c 73 65 20 7b 20 25 3e 50 61 74 63 68 65 73 20 50 6f 72 74 61 6c 3c 25 20 7d 20 25 3e 3c 2f 61 3e 3c 2f 68 31 3e 20 0a 20 20 20 20 20 20 3c 64 69 76 20 69 64 3d 22 75 73 65 72 2d 6e 61 76 69 67 61 74 69 6f 6e 22 3e 20 0a 20 20 20 20 20 20 20 20 3c 75 6c 20 63 6c 61 73 73 3d 22 77 61 74 2d 63 66 22 3e 0a 09 20 09 09 09 09 09 09 09 20 20 3c 25 20 69 66 20 28 6c 6f 63 61 6c 2e 68 65 61 64 65 72 20 26 26 20 6c 6f 63 61 6c 2e 68 65 61 64 65 72 2e 75 73 65 72 4c 69 6e 6b 73 29 20 7b 20 25 3e 0a 09 09 09 09 09 09 09 09 20 20 20 20 3c 25 2d 20 6c 6f 63 61 6c 2e 68 65 61 64 65 72 2e 75 73 65 72 4c 69 6e 6b 73 20 25 3e 0a 09 09 09 09 09 09 09 09 3c 25 20 7d 20 25 3e 0a 20 20 20 20 20 20 20 20 3c 2f 75 6c 3e 20 0a 20 20 20 20 20 20 3c 2f 64 69 76 3e 20 0a 20 20 20 20 20 20 3c 64 69 76 20 69 64 3d 22 6d 61 69 6e 2d 6e 61 76 69 67 61 74 69 6f 6e 22 3e 20 0a 20 20 20 20 20 20 20 20 3c 75 6c 20 63 6c 61 73 73 3d 22 77 61 74 2d 63 66 22 3e 20 0a 09 09 09 09 09 20 20 3c 25 20 69 66 20 28 6c 6f 63 61 6c 2e 68 65 61 64 65 72 20 26 26 20 6c 6f 63 61 6c 2e 68 65 61 64 65 72 2e 6d 61 69 6e 4c 69 6e 6b 73 29 20 7b 20 25 3e 0a 09 09 09 09 09 20 20 20 20 3c 25 2d 20 6c 6f 63 61 6c 2e 68 65 61 64 65 72 2e 6d 61 69 6e 4c 69 6e 6b 73 20 25 3e 0a 09 09 09 09 09 3c 25 20 7d 20 25 3e 0a 20 20 20 20 20 20 20 20 3c 2f 75 6c 3e 20 0a 20 20 20 20 20 20 3c 2f 64 69 76 3e 20 0a 20 20 20 20 3c 2f 64 69 76 3e 20 0a 20 20 20 20 3c 64 69 76 20 69 64 3d 22 77 72 61 70 70 65 72 22 20 63 6c 61 73 73 3d 22 77 61 74 2d 63 66 22 3e 20 0a 20 20 20 20 20 20 3c 64 69 76 20 69 64 3d 22 6d 61 69 6e 22 3e 0a 09 20 20 20 20 20 20 3c 25 20 69 66 20 28 6c 6f 63 61 6c 2e 63 6f 6e 74 65 6e 74 29 20 7b 20 25 3e 0a 09 09 20 20 20 20 3c 25 2d 20 6c 6f 63 61 6c 2e 63 6f 6e 74 65 6e 74 20 25 3e 0a 09 09 3c 25 20 7d 20 25 3e 0a 09 09 3c 25 20 69 66 20 28 6c 6f 63 61 6c 2e 66 6f 6f 74 65 72 29 20 7b 20 25 3e 09 09 0a 20 20 20 20 20 20 20 20 3c 64 69 76 20 69 64 3d 22 66 6f 6f 74 65 72 22 3e 20 0a 20 20 20 20 20 20 20 20 20 20 3c 64 69 76 20 63 6c 61 73 73 3d 22 62 6c 6f 63 6b 22 3e 20 0a 20 20 20 20 20 20 20 20 20 20 20 20 3c 70 3e 3c 25 2d 20 6c 6f 63 61 6c 2e 66 6f 6f 74 65 72 20 25 3e 3c 2f 70 3e 20 0a 20 20 20 20 20 20 20 20 20 20 3c 2f 64 69 76 3e 20 0a 20 20 20 20 20 20 20 20 3c 2f 64 69 76 3e 20 0a 09 09 3c 25 20 7d 20 25 3e 0a 20 20 20 20 20 20 3c 2f 64 69 76 3e 20 0a 09 3c 25 20 69 66 20 28 6c 6f 63 61 6c 2e 73 69 64 65 62 61 72 20 7c 7c 20 6c 6f 63 61 6c 2e 73 65 61 72 63 68 29 20 7b 20 25 3e 20 0a 20 20 20 20 20 20 3c 64 69 76 20 69 64 3d 22 73 69 64 65 62 61 72 22 3e 0a 09 09 09 09 3c 25 2d 20 6c 6f 63 61 6c 2e 73 65 61 72 63 68 20 25 3e 0a 09 09 09 09 3c 25 2d 20 6c 6f 63 61 6c 2e 73 69 64 65 62 61 72 20 25 3e 0a 09 09 0a 20 20 20 20 20 20 3c 2f 64 69 76 3e 20 0a 09 3c 25 20 7d 20 25 3e 0a 20 20 20 20 3c 2f 64 69 76 3e 20 0a 20 0a 20 20 3c 2f 64 69 76 3e 20 0a 3c 2f 62 6f 64 79 3e 20 0a 3c 2f 68 74 6d 6c 3e 20 0a>
[Function]
/Users/halfhalo/src/webos-patches/views/login.js.html
/Users/halfhalo/src/webos-patches/views/login.js.html
Hello
[Function]
/Users/halfhalo/src/webos-patches/views/layout.js.html
/Users/halfhalo/src/webos-patches/views/layout.js.html

<!DOCTYPE html PUBLIC "-//W3C//DTD XHTML 1.0 Strict//EN" "http://www.w3.org/TR/xhtml1/DTD/xhtml1-strict.dtd"> 
<html xmlns="http://www.w3.org/1999/xhtml" lang="en"> 
<head> 
  <meta http-equiv="Content-Type" content="text/html; charset=utf-8" /> 
  <title><% if (local.header && local.header.title) { %><%= local.header.title %><% } else { %>Patches Portal<% } %></title> 
  <link rel="stylesheet" href="http://pilu.github.com/web-app-theme/stylesheets/base.css" type="text/css" media="screen" /> 
  <link rel="stylesheet" id="current-theme" href="http://pilu.github.com/web-app-theme/stylesheets/themes/default/style.css" type="text/css" media="screen" /> 
  <script type="text/javascript" charset="utf-8" src="https://ajax.googleapis.com/ajax/libs/jquery/1.5.0/jquery.min.js"></script>
  <script>
	$(document).ready(function() {
   // do stuff when DOM is ready
	$(".searchRemove").click(function(){
		$(this).parent().parent().parent().slideUp(function(){
			$(this).remove()
		})
	})
	$(".searchAdd").click(function(){
		if($(".sn").get().length==0)
		{
		var str="<div style='display:none' class='sn'><p><b>Add: </b><select  class='searchNew'><option value='none'>Select Parameter</option>";
		var arr=[{"name":"category","title":"Category"}];
		for(var i=0;i<arr.length;i++)
		{
			str+="<option value='"+arr[i]['name']+"'>"+arr[i]['title']+"</option>";
		}
		str+="</p></div>";
		$("#searchHolder").append(str);
		
		$(".sn").slideDown(function(){
			$(".searchNew").change(function(){
				if($(this).val()!="none")
				{
					$(".sn").slideUp(function(){
						$(".sn").remove();
					})
				}
			})
		})
	}
	
	})
	$(".dynamicList-replace").click(function(){
		$(this).find(".dynamicList-simple").slideToggle(function(){
		})
		$(this).find(".dynamicList-complex").slideToggle(function(){
		})
	});
	$(".dynamicList-append").click(function(){

		$(this).find(".dynamicList-complex").slideToggle(function(){
		})
	});
 	});
	
  </script>

</head> 
<body> 
  <div id="container"> 
    <div id="header"> 
      <h1><a href="/"><% if (local.header && local.header.title) { %><%= local.header.title %><% } else { %>Patches Portal<% } %></a></h1> 
      <div id="user-navigation"> 
        <ul class="wat-cf">
	 							  <% if (local.header && local.header.userLinks) { %>
								    <%- local.header.userLinks %>
								<% } %>
        </ul> 
      </div> 
      <div id="main-navigation"> 
        <ul class="wat-cf"> 
					  <% if (local.header && local.header.mainLinks) { %>
					    <%- local.header.mainLinks %>
					<% } %>
        </ul> 
      </div> 
    </div> 
    <div id="wrapper" class="wat-cf"> 
      <div id="main">
	      <% if (local.content) { %>
		    <%- local.content %>
		<% } %>
		<% if (local.footer) { %>		
        <div id="footer"> 
          <div class="block"> 
            <p><%- local.footer %></p> 
          </div> 
        </div> 
		<% } %>
      </div> 
	<% if (local.sidebar || local.search) { %> 
      <div id="sidebar">
				<%- local.search %>
				<%- local.sidebar %>
		
      </div> 
	<% } %>
    </div> 
 
  </div> 
</body> 
</html> 

